[2024-10-26 16:30:03,443: INFO: main: Welcome to Sri Lanka ]
[2024-10-26 18:36:00,970: INFO: common: yaml file: config\config.yaml loaded successfully]
[2024-10-26 18:36:00,972: INFO: common: yaml file: params.yaml loaded successfully]
[2024-10-26 18:36:00,974: INFO: common: yaml file: schema.yaml loaded successfully]
[2024-10-26 18:36:00,975: INFO: common: created directory at: artifacts]
[2024-10-26 18:36:00,977: INFO: common: created directory at: artifacts/data_ingestion]
[2024-10-26 18:36:03,005: INFO: 2366278714: artifacts/data_ingestion/data.zip download! with following info: 
Connection: close
Content-Length: 23329
Cache-Control: max-age=300
Content-Security-Policy: default-src 'none'; style-src 'unsafe-inline'; sandbox
Content-Type: application/zip
ETag: "c69888a4ae59bc5a893392785a938ccd4937981c06ba8a9d6a21aa52b4ab5b6e"
Strict-Transport-Security: max-age=31536000
X-Content-Type-Options: nosniff
X-Frame-Options: deny
X-XSS-Protection: 1; mode=block
X-GitHub-Request-Id: 9362:309D0:419F67:4E1E9A:671CE9F9
Accept-Ranges: bytes
Date: Sat, 26 Oct 2024 13:09:13 GMT
Via: 1.1 varnish
X-Served-By: cache-qpg1264-QPG
X-Cache: MISS
X-Cache-Hits: 0
X-Timer: S1729948154.619498,VS0,VE293
Vary: Authorization,Accept-Encoding,Origin
Access-Control-Allow-Origin: *
Cross-Origin-Resource-Policy: cross-origin
X-Fastly-Request-ID: 8f78f4389ced0bee80c557f9cc4ecb3313d02c12
Expires: Sat, 26 Oct 2024 13:14:13 GMT
Source-Age: 0

]
[2024-10-26 19:08:54,703: INFO: main: >>>>>> stage Data Ingestion stage started <<<<<<]
[2024-10-26 19:08:54,705: INFO: common: yaml file: config\config.yaml loaded successfully]
[2024-10-26 19:08:54,706: INFO: common: yaml file: params.yaml loaded successfully]
[2024-10-26 19:08:54,707: INFO: common: yaml file: schema.yaml loaded successfully]
[2024-10-26 19:08:54,707: INFO: common: created directory at: artifacts]
[2024-10-26 19:08:54,708: INFO: common: created directory at: artifacts/data_ingestion]
[2024-10-26 19:08:54,708: INFO: data_ingestion: File already exists of size: ~ 23 KB]
[2024-10-26 19:08:54,714: INFO: main: >>>>>> stage Data Ingestion stage completed <<<<<<

x==========x]
[2024-10-26 19:15:01,475: INFO: common: yaml file: config\config.yaml loaded successfully]
[2024-10-26 19:15:01,477: INFO: common: yaml file: params.yaml loaded successfully]
[2024-10-26 19:15:01,478: INFO: common: yaml file: schema.yaml loaded successfully]
[2024-10-26 19:15:01,479: INFO: common: created directory at: artifacts]
[2024-10-26 19:31:47,151: INFO: common: yaml file: config\config.yaml loaded successfully]
[2024-10-26 19:31:47,154: INFO: common: yaml file: params.yaml loaded successfully]
[2024-10-26 19:31:47,158: INFO: common: yaml file: schema.yaml loaded successfully]
[2024-10-26 19:31:47,160: INFO: common: created directory at: artifacts]
[2024-10-26 19:31:47,162: INFO: common: created directory at: artifacts/data_validation]
[2024-10-26 19:54:08,942: INFO: main: >>>>>> stage Data Ingestion stage started <<<<<<]
[2024-10-26 19:54:08,944: INFO: common: yaml file: config\config.yaml loaded successfully]
[2024-10-26 19:54:08,945: INFO: common: yaml file: params.yaml loaded successfully]
[2024-10-26 19:54:08,947: INFO: common: yaml file: schema.yaml loaded successfully]
[2024-10-26 19:54:08,948: INFO: common: created directory at: artifacts]
[2024-10-26 19:54:08,948: INFO: common: created directory at: artifacts/data_ingestion]
[2024-10-26 19:54:08,949: INFO: data_ingestion: File already exists of size: ~ 23 KB]
[2024-10-26 19:54:08,971: INFO: main: >>>>>> stage Data Ingestion stage completed <<<<<<

x==========x]
[2024-10-26 19:54:08,972: INFO: main: >>>>>> stage Data Validation stage started <<<<<<]
[2024-10-26 19:54:08,973: INFO: common: yaml file: config\config.yaml loaded successfully]
[2024-10-26 19:54:08,974: INFO: common: yaml file: params.yaml loaded successfully]
[2024-10-26 19:54:08,978: INFO: common: yaml file: schema.yaml loaded successfully]
[2024-10-26 19:54:08,979: INFO: common: created directory at: artifacts]
[2024-10-26 19:54:08,980: INFO: common: created directory at: artifacts/data_validation]
[2024-10-26 19:54:09,004: INFO: main: >>>>>> stage Data Validation stage completed <<<<<<

x==========x]
[2024-10-26 20:00:00,148: INFO: common: yaml file: config\config.yaml loaded successfully]
[2024-10-26 20:00:00,151: INFO: common: yaml file: params.yaml loaded successfully]
[2024-10-26 20:00:00,155: INFO: common: yaml file: schema.yaml loaded successfully]
[2024-10-26 20:00:00,158: INFO: common: created directory at: artifacts]
[2024-10-26 20:00:00,159: INFO: common: created directory at: artifacts/data_transformation]
[2024-10-26 20:00:00,205: INFO: 2148425976: Splited data into training and test sets]
[2024-10-26 20:00:00,207: INFO: 2148425976: (1199, 12)]
[2024-10-26 20:00:00,209: INFO: 2148425976: (400, 12)]
[2024-10-27 18:21:47,761: INFO: main: >>>>>> stage Data Ingestion stage started <<<<<<]
[2024-10-27 18:21:47,765: INFO: common: yaml file: config\config.yaml loaded successfully]
[2024-10-27 18:21:47,770: INFO: common: yaml file: params.yaml loaded successfully]
[2024-10-27 18:21:47,773: INFO: common: yaml file: schema.yaml loaded successfully]
[2024-10-27 18:21:47,775: INFO: common: created directory at: artifacts]
[2024-10-27 18:21:47,776: INFO: common: created directory at: artifacts/data_ingestion]
[2024-10-27 18:21:50,266: INFO: data_ingestion: artifacts/data_ingestion/data.zip download! with following info: 
Connection: close
Content-Length: 23329
Cache-Control: max-age=300
Content-Security-Policy: default-src 'none'; style-src 'unsafe-inline'; sandbox
Content-Type: application/zip
ETag: "c69888a4ae59bc5a893392785a938ccd4937981c06ba8a9d6a21aa52b4ab5b6e"
Strict-Transport-Security: max-age=31536000
X-Content-Type-Options: nosniff
X-Frame-Options: deny
X-XSS-Protection: 1; mode=block
X-GitHub-Request-Id: D3D9:20EBB9:7C63B:8FA81:671E3825
Accept-Ranges: bytes
Date: Sun, 27 Oct 2024 12:55:02 GMT
Via: 1.1 varnish
X-Served-By: cache-qpg120084-QPG
X-Cache: MISS
X-Cache-Hits: 0
X-Timer: S1730033702.797196,VS0,VE277
Vary: Authorization,Accept-Encoding,Origin
Access-Control-Allow-Origin: *
Cross-Origin-Resource-Policy: cross-origin
X-Fastly-Request-ID: 88bb17be6eb24a329f5cbf16354c477d123ab997
Expires: Sun, 27 Oct 2024 13:00:02 GMT
Source-Age: 0

]
[2024-10-27 18:21:50,294: INFO: main: >>>>>> stage Data Ingestion stage completed <<<<<<

x==========x]
[2024-10-27 18:21:50,295: INFO: main: >>>>>> stage Data Validation stage started <<<<<<]
[2024-10-27 18:21:50,298: INFO: common: yaml file: config\config.yaml loaded successfully]
[2024-10-27 18:21:50,303: INFO: common: yaml file: params.yaml loaded successfully]
[2024-10-27 18:21:50,309: INFO: common: yaml file: schema.yaml loaded successfully]
[2024-10-27 18:21:50,310: INFO: common: created directory at: artifacts]
[2024-10-27 18:21:50,311: INFO: common: created directory at: artifacts/data_validation]
[2024-10-27 18:21:50,374: INFO: main: >>>>>> stage Data Validation stage completed <<<<<<

x==========x]
[2024-10-27 18:21:50,375: INFO: main: >>>>>> stage Data Transformation stage started <<<<<<]
[2024-10-27 18:21:50,383: INFO: common: yaml file: config\config.yaml loaded successfully]
[2024-10-27 18:21:50,389: INFO: common: yaml file: params.yaml loaded successfully]
[2024-10-27 18:21:50,393: INFO: common: yaml file: schema.yaml loaded successfully]
[2024-10-27 18:21:50,394: INFO: common: created directory at: artifacts]
[2024-10-27 18:21:50,395: INFO: common: created directory at: artifacts/data_transformation]
[2024-10-27 18:21:50,459: INFO: data_transformation: Splited data into training and test sets]
[2024-10-27 18:21:50,460: INFO: data_transformation: (1199, 12)]
[2024-10-27 18:21:50,461: INFO: data_transformation: (400, 12)]
[2024-10-27 18:21:50,462: INFO: main: >>>>>> stage Data Transformation stage completed <<<<<<

x==========x]
[2024-10-27 18:23:32,012: INFO: common: yaml file: config\config.yaml loaded successfully]
[2024-10-27 18:23:32,015: INFO: common: yaml file: params.yaml loaded successfully]
[2024-10-27 18:23:32,019: INFO: common: yaml file: schema.yaml loaded successfully]
[2024-10-27 18:23:32,021: INFO: common: created directory at: artifacts]
[2024-10-27 18:35:56,769: INFO: common: yaml file: config\config.yaml loaded successfully]
[2024-10-27 18:35:56,771: INFO: common: yaml file: params.yaml loaded successfully]
[2024-10-27 18:35:56,777: INFO: common: yaml file: schema.yaml loaded successfully]
[2024-10-27 18:35:56,779: INFO: common: created directory at: artifacts]
[2024-10-27 18:35:56,780: INFO: common: created directory at: artifacts/model_trainer]
[2024-10-27 18:42:08,101: INFO: main: >>>>>> stage Data Ingestion stage started <<<<<<]
[2024-10-27 18:42:08,105: INFO: common: yaml file: config\config.yaml loaded successfully]
[2024-10-27 18:42:08,106: INFO: common: yaml file: params.yaml loaded successfully]
[2024-10-27 18:42:08,108: INFO: common: yaml file: schema.yaml loaded successfully]
[2024-10-27 18:42:08,109: INFO: common: created directory at: artifacts]
[2024-10-27 18:42:08,109: INFO: common: created directory at: artifacts/data_ingestion]
[2024-10-27 18:42:10,126: INFO: data_ingestion: artifacts/data_ingestion/data.zip download! with following info: 
Connection: close
Content-Length: 23329
Cache-Control: max-age=300
Content-Security-Policy: default-src 'none'; style-src 'unsafe-inline'; sandbox
Content-Type: application/zip
ETag: "c69888a4ae59bc5a893392785a938ccd4937981c06ba8a9d6a21aa52b4ab5b6e"
Strict-Transport-Security: max-age=31536000
X-Content-Type-Options: nosniff
X-Frame-Options: deny
X-XSS-Protection: 1; mode=block
X-GitHub-Request-Id: D3D9:20EBB9:7C63B:8FA81:671E3825
Accept-Ranges: bytes
Date: Sun, 27 Oct 2024 13:15:21 GMT
Via: 1.1 varnish
X-Served-By: cache-qpg1242-QPG
X-Cache: HIT
X-Cache-Hits: 0
X-Timer: S1730034922.635463,VS0,VE303
Vary: Authorization,Accept-Encoding,Origin
Access-Control-Allow-Origin: *
Cross-Origin-Resource-Policy: cross-origin
X-Fastly-Request-ID: e6b0fa7e1cc59b68fe84cc209ea815fc40f213bd
Expires: Sun, 27 Oct 2024 13:20:21 GMT
Source-Age: 0

]
[2024-10-27 18:42:10,161: INFO: main: >>>>>> stage Data Ingestion stage completed <<<<<<

x==========x]
[2024-10-27 18:42:10,162: INFO: main: >>>>>> stage Data Validation stage started <<<<<<]
[2024-10-27 18:42:10,167: INFO: common: yaml file: config\config.yaml loaded successfully]
[2024-10-27 18:42:10,168: INFO: common: yaml file: params.yaml loaded successfully]
[2024-10-27 18:42:10,171: INFO: common: yaml file: schema.yaml loaded successfully]
[2024-10-27 18:42:10,172: INFO: common: created directory at: artifacts]
[2024-10-27 18:42:10,172: INFO: common: created directory at: artifacts/data_validation]
[2024-10-27 18:42:10,195: INFO: main: >>>>>> stage Data Validation stage completed <<<<<<

x==========x]
[2024-10-27 18:42:10,196: INFO: main: >>>>>> stage Data Transformation stage started <<<<<<]
[2024-10-27 18:42:10,208: INFO: common: yaml file: config\config.yaml loaded successfully]
[2024-10-27 18:42:10,209: INFO: common: yaml file: params.yaml loaded successfully]
[2024-10-27 18:42:10,212: INFO: common: yaml file: schema.yaml loaded successfully]
[2024-10-27 18:42:10,213: INFO: common: created directory at: artifacts]
[2024-10-27 18:42:10,213: INFO: common: created directory at: artifacts/data_transformation]
[2024-10-27 18:42:10,242: INFO: data_transformation: Splited data into training and test sets]
[2024-10-27 18:42:10,242: INFO: data_transformation: (1199, 12)]
[2024-10-27 18:42:10,243: INFO: data_transformation: (400, 12)]
[2024-10-27 18:42:10,244: INFO: main: >>>>>> stage Data Transformation stage completed <<<<<<

x==========x]
[2024-10-27 18:42:10,244: INFO: main: >>>>>> stage Model Trainer stage started <<<<<<]
[2024-10-27 18:42:10,248: INFO: common: yaml file: config\config.yaml loaded successfully]
[2024-10-27 18:42:10,250: INFO: common: yaml file: params.yaml loaded successfully]
[2024-10-27 18:42:10,254: INFO: common: yaml file: schema.yaml loaded successfully]
[2024-10-27 18:42:10,254: INFO: common: created directory at: artifacts]
[2024-10-27 18:42:10,255: INFO: common: created directory at: artifacts/model_trainer]
[2024-10-27 18:42:10,289: INFO: main: >>>>>> stage Model Trainer stage completed <<<<<<

x==========x]
[2024-10-27 18:47:45,115: INFO: common: yaml file: config\config.yaml loaded successfully]
[2024-10-27 18:47:45,119: INFO: common: yaml file: params.yaml loaded successfully]
[2024-10-27 18:47:45,125: INFO: common: yaml file: schema.yaml loaded successfully]
[2024-10-27 18:47:45,127: INFO: common: created directory at: artifacts]
[2024-10-27 18:47:45,130: INFO: common: created directory at: artifacts/model_evaluation]
[2024-10-27 18:50:03,526: INFO: common: yaml file: config\config.yaml loaded successfully]
[2024-10-27 18:50:03,529: INFO: common: yaml file: params.yaml loaded successfully]
[2024-10-27 18:50:03,536: INFO: common: yaml file: schema.yaml loaded successfully]
[2024-10-27 18:50:03,538: INFO: common: created directory at: artifacts]
[2024-10-27 18:50:03,540: INFO: common: created directory at: artifacts/model_evaluation]
[2024-10-27 18:52:43,786: INFO: common: yaml file: config\config.yaml loaded successfully]
[2024-10-27 18:52:43,789: INFO: common: yaml file: params.yaml loaded successfully]
[2024-10-27 18:52:43,792: INFO: common: yaml file: schema.yaml loaded successfully]
[2024-10-27 18:52:43,793: INFO: common: created directory at: artifacts]
[2024-10-27 18:52:43,795: INFO: common: created directory at: artifacts/model_evaluation]
[2024-10-27 19:01:53,148: INFO: main: >>>>>> stage Data Ingestion stage started <<<<<<]
[2024-10-27 19:01:53,152: INFO: common: yaml file: config\config.yaml loaded successfully]
[2024-10-27 19:01:53,153: INFO: common: yaml file: params.yaml loaded successfully]
[2024-10-27 19:01:53,155: INFO: common: yaml file: schema.yaml loaded successfully]
[2024-10-27 19:01:53,156: INFO: common: created directory at: artifacts]
[2024-10-27 19:01:53,156: INFO: common: created directory at: artifacts/data_ingestion]
[2024-10-27 19:01:55,112: INFO: data_ingestion: artifacts/data_ingestion/data.zip download! with following info: 
Connection: close
Content-Length: 23329
Cache-Control: max-age=300
Content-Security-Policy: default-src 'none'; style-src 'unsafe-inline'; sandbox
Content-Type: application/zip
ETag: "c69888a4ae59bc5a893392785a938ccd4937981c06ba8a9d6a21aa52b4ab5b6e"
Strict-Transport-Security: max-age=31536000
X-Content-Type-Options: nosniff
X-Frame-Options: deny
X-XSS-Protection: 1; mode=block
X-GitHub-Request-Id: D3D9:20EBB9:7C63B:8FA81:671E3825
Accept-Ranges: bytes
Date: Sun, 27 Oct 2024 13:35:06 GMT
Via: 1.1 varnish
X-Served-By: cache-qpg120105-QPG
X-Cache: HIT
X-Cache-Hits: 0
X-Timer: S1730036107.694929,VS0,VE268
Vary: Authorization,Accept-Encoding,Origin
Access-Control-Allow-Origin: *
Cross-Origin-Resource-Policy: cross-origin
X-Fastly-Request-ID: 8ed2d7bcb0a4d843c400fd286d597881a126fd1e
Expires: Sun, 27 Oct 2024 13:40:06 GMT
Source-Age: 0

]
[2024-10-27 19:01:55,135: INFO: main: >>>>>> stage Data Ingestion stage completed <<<<<<

x==========x]
[2024-10-27 19:01:55,136: INFO: main: >>>>>> stage Data Validation stage started <<<<<<]
[2024-10-27 19:01:55,141: INFO: common: yaml file: config\config.yaml loaded successfully]
[2024-10-27 19:01:55,143: INFO: common: yaml file: params.yaml loaded successfully]
[2024-10-27 19:01:55,146: INFO: common: yaml file: schema.yaml loaded successfully]
[2024-10-27 19:01:55,147: INFO: common: created directory at: artifacts]
[2024-10-27 19:01:55,148: INFO: common: created directory at: artifacts/data_validation]
[2024-10-27 19:01:55,169: INFO: main: >>>>>> stage Data Validation stage completed <<<<<<

x==========x]
[2024-10-27 19:01:55,172: INFO: main: >>>>>> stage Data Transformation stage started <<<<<<]
[2024-10-27 19:01:55,187: INFO: common: yaml file: config\config.yaml loaded successfully]
[2024-10-27 19:01:55,189: INFO: common: yaml file: params.yaml loaded successfully]
[2024-10-27 19:01:55,191: INFO: common: yaml file: schema.yaml loaded successfully]
[2024-10-27 19:01:55,192: INFO: common: created directory at: artifacts]
[2024-10-27 19:01:55,193: INFO: common: created directory at: artifacts/data_transformation]
[2024-10-27 19:01:55,220: INFO: data_transformation: Splited data into training and test sets]
[2024-10-27 19:01:55,221: INFO: data_transformation: (1199, 12)]
[2024-10-27 19:01:55,221: INFO: data_transformation: (400, 12)]
[2024-10-27 19:01:55,222: INFO: main: >>>>>> stage Data Transformation stage completed <<<<<<

x==========x]
[2024-10-27 19:01:55,223: INFO: main: >>>>>> stage Model Trainer stage started <<<<<<]
[2024-10-27 19:01:55,227: INFO: common: yaml file: config\config.yaml loaded successfully]
[2024-10-27 19:01:55,229: INFO: common: yaml file: params.yaml loaded successfully]
[2024-10-27 19:01:55,233: INFO: common: yaml file: schema.yaml loaded successfully]
[2024-10-27 19:01:55,234: INFO: common: created directory at: artifacts]
[2024-10-27 19:01:55,236: INFO: common: created directory at: artifacts/model_trainer]
[2024-10-27 19:01:55,311: INFO: main: >>>>>> stage Model Trainer stage completed <<<<<<

x==========x]
[2024-10-27 19:01:55,313: INFO: main: >>>>>> stage Model evaluation stage started <<<<<<]
[2024-10-27 19:01:55,331: INFO: common: yaml file: config\config.yaml loaded successfully]
[2024-10-27 19:01:55,333: INFO: common: yaml file: params.yaml loaded successfully]
[2024-10-27 19:01:55,335: INFO: common: yaml file: schema.yaml loaded successfully]
[2024-10-27 19:01:55,337: INFO: common: created directory at: artifacts]
[2024-10-27 19:01:55,338: INFO: common: created directory at: artifacts/model_evaluation]
[2024-10-27 19:01:55,375: INFO: common: json file saved at: artifacts\model_evaluation\metrics.json]
[2024-10-27 19:01:55,375: INFO: main: >>>>>> stage Model evaluation stage completed <<<<<<

x==========x]
[2024-10-27 19:11:54,645: INFO: _internal: [31m[1mWARNING: This is a development server. Do not use it in a production deployment. Use a production WSGI server instead.[0m
 * Running on all addresses (0.0.0.0)
 * Running on http://127.0.0.1:8080
 * Running on http://192.168.8.131:8080]
[2024-10-27 19:11:54,654: INFO: _internal: [33mPress CTRL+C to quit[0m]
[2024-10-27 19:11:54,659: INFO: _internal:  * Restarting with stat]
[2024-10-27 19:11:56,495: WARNING: _internal:  * Debugger is active!]
[2024-10-27 19:11:56,537: INFO: _internal:  * Debugger PIN: 741-487-166]
[2024-10-27 19:11:59,812: INFO: _internal: 127.0.0.1 - - [27/Oct/2024 19:11:59] "GET / HTTP/1.1" 200 -]
[2024-10-27 19:11:59,905: INFO: _internal: 127.0.0.1 - - [27/Oct/2024 19:11:59] "GET /static/css/styles.css HTTP/1.1" 200 -]
[2024-10-27 19:11:59,907: INFO: _internal: 127.0.0.1 - - [27/Oct/2024 19:11:59] "GET /static/css2/nunito-font.css HTTP/1.1" 200 -]
[2024-10-27 19:11:59,918: INFO: _internal: 127.0.0.1 - - [27/Oct/2024 19:11:59] "GET /static/js/scripts.js HTTP/1.1" 200 -]
[2024-10-27 19:11:59,927: INFO: _internal: 127.0.0.1 - - [27/Oct/2024 19:11:59] "GET /static/css2/style.css HTTP/1.1" 200 -]
[2024-10-27 19:12:02,789: INFO: _internal: 127.0.0.1 - - [27/Oct/2024 19:12:02] "[33mGET /static/assets/img/wine.jpg HTTP/1.1[0m" 404 -]
[2024-10-27 19:12:02,844: INFO: _internal: 127.0.0.1 - - [27/Oct/2024 19:12:02] "GET /static/assets/img/form-v9.jpg HTTP/1.1" 200 -]
[2024-10-27 19:12:02,924: INFO: _internal: 127.0.0.1 - - [27/Oct/2024 19:12:02] "[33mGET /static/fonts/Nunito/Nunito-Bold.ttf HTTP/1.1[0m" 404 -]
[2024-10-27 19:12:04,432: INFO: _internal: 127.0.0.1 - - [27/Oct/2024 19:12:04] "GET /static/assets/favicon.ico HTTP/1.1" 200 -]
[2024-10-27 19:12:36,370: INFO: _internal: 127.0.0.1 - - [27/Oct/2024 19:12:36] "POST /predict HTTP/1.1" 200 -]
[2024-10-27 19:12:36,385: INFO: _internal: 127.0.0.1 - - [27/Oct/2024 19:12:36] "[36mGET /static/css/styles.css HTTP/1.1[0m" 304 -]
[2024-10-27 19:12:36,388: INFO: _internal: 127.0.0.1 - - [27/Oct/2024 19:12:36] "[36mGET /static/js/scripts.js HTTP/1.1[0m" 304 -]
[2024-10-27 19:12:36,444: INFO: _internal: 127.0.0.1 - - [27/Oct/2024 19:12:36] "[33mGET /static/assets/img/wine.gif HTTP/1.1[0m" 404 -]
